<?xml version="1.0" encoding="UTF-8"?>
<!-- Generated by org.testng.reporters.JUnitReportReporter -->
<testsuite hostname="DESKTOP-GI358GT" failures="0" tests="1" name="org.OrgTest" time="0.001" errors="0" timestamp="2025-03-28T11:35:09 IST" skipped="0">
  <testcase classname="org.OrgTest" name="modifyOrgTest" time="0.001"/>
  <system-out/>
</testsuite> <!-- org.OrgTest -->
