<?xml version="1.0" encoding="UTF-8"?>
<!-- Generated by org.testng.reporters.JUnitReportReporter -->
<testsuite hostname="DESKTOP-GI358GT" failures="0" tests="2" name="org.OrgTest" time="0.004" errors="0" timestamp="2025-03-28T11:33:07 IST" skipped="0">
  <testcase classname="org.OrgTest" name="deleteOrgTest" time="0.003"/>
  <system-out/>
  <testcase classname="org.OrgTest" name="createOrgTest" time="0.001"/>
  <system-out/>
</testsuite> <!-- org.OrgTest -->
