<?xml version="1.0" encoding="UTF-8"?>
<!-- Generated by org.testng.reporters.JUnitReportReporter -->
<testsuite hostname="DESKTOP-GI358GT" failures="0" tests="1" name="org.OrgTest" time="0.002" errors="0" timestamp="2025-03-27T17:39:41 IST" skipped="0">
  <testcase classname="org.OrgTest" name="modifyOrgTest" time="0.002"/>
  <system-out/>
</testsuite> <!-- org.OrgTest -->
