<?xml version="1.0" encoding="UTF-8"?>
<!-- Generated by org.testng.reporters.JUnitReportReporter -->
<testsuite hostname="DESKTOP-GI358GT" failures="0" tests="1" name="contact.ContactTest" time="0.006" errors="0" timestamp="2025-03-27T17:39:41 IST" skipped="0">
  <testcase classname="contact.ContactTest" name="modifyContactTest" time="0.006"/>
  <system-out/>
</testsuite> <!-- contact.ContactTest -->
