<?xml version="1.0" encoding="UTF-8"?>
<!-- Generated by org.testng.reporters.JUnitReportReporter -->
<testsuite hostname="DESKTOP-GI358GT" failures="0" tests="2" name="contact.ContactTest" time="0.005" errors="0" timestamp="2025-03-28T10:57:21 IST" skipped="0">
  <testcase classname="contact.ContactTest" name="createContactTest" time="0.004"/>
  <system-out/>
  <testcase classname="contact.ContactTest" name="modifyContactTest" time="0.001"/>
  <system-out/>
</testsuite> <!-- contact.ContactTest -->
